Start testing: Jan 28 20:04 PST
----------------------------------------------------------
1/1 Testing: AllTests
1/1 Test: AllTests
Command: "/Users/avneetsekhon/Documents/CMPT 473/googletest-template/build/test/runAllTests"
Directory: /Users/avneetsekhon/Documents/CMPT 473/googletest-template/build/test
"AllTests" start time: Jan 28 20:04 PST
Output:
----------------------------------------------------------
Running main() from /Users/avneetsekhon/Documents/CMPT 473/googletest-template/test/gtest/googletest/src/gtest_main.cc
[==========] Running 1 test from 1 test suite.
[----------] Global test environment set-up.
[----------] 1 test from ParallelogramTests
[ RUN      ] ParallelogramTests.testPerimeterFAIL
/Users/avneetsekhon/Documents/CMPT 473/googletest-template/test/ParallelogramTests.cpp:11: Failure
Expected equality of these values:
  12
  p2.getPerimeter()
    Which is: 16
[  FAILED  ] ParallelogramTests.testPerimeterFAIL (0 ms)
[----------] 1 test from ParallelogramTests (1 ms total)

[----------] Global test environment tear-down
[==========] 1 test from 1 test suite ran. (1 ms total)
[  PASSED  ] 0 tests.
[  FAILED  ] 1 test, listed below:
[  FAILED  ] ParallelogramTests.testPerimeterFAIL

 1 FAILED TEST
<end of output>
Test time =   0.18 sec
----------------------------------------------------------
Test Failed.
"AllTests" end time: Jan 28 20:04 PST
"AllTests" time elapsed: 00:00:00
----------------------------------------------------------

End testing: Jan 28 20:04 PST
